<?xml version="1.0" encoding="UTF-8"?>
<!-- Generated by org.testng.reporters.JUnitXMLReporter -->
<testsuite hostname="LAPTOP-DEFT9I3H" ignored="0" name="UrbanTest1" tests="11" failures="0" timestamp="2020-07-28T00:40:31 IST" time="39.656" errors="0">
  <testcase name="titleVerify" time="0.021" classname="com.Urbanladder.test.UrbanladderTest"/>
  <testcase name="clickBookshelves" time="6.651" classname="com.Urbanladder.test.UrbanladderTest"/>
  <testcase name="priceChoice" time="1.217" classname="com.Urbanladder.test.UrbanladderTest"/>
  <testcase name="setRange" time="3.603" classname="com.Urbanladder.test.UrbanladderTest"/>
  <testcase name="storageChoice" time="3.312" classname="com.Urbanladder.test.UrbanladderTest"/>
  <testcase name="checkStorageType" time="0.092" classname="com.Urbanladder.test.UrbanladderTest"/>
  <testcase name="includeStock" time="1.135" classname="com.Urbanladder.test.UrbanladderTest"/>
  <testcase name="filterChoice" time="0.345" classname="com.Urbanladder.test.UrbanladderTest"/>
  <testcase name="sortBy" time="0.071" classname="com.Urbanladder.test.UrbanladderTest"/>
  <testcase name="PopUp" time="9.462" classname="com.Urbanladder.test.UrbanladderTest"/>
  <testcase name="writeExcel" time="1.527" classname="com.Urbanladder.test.UrbanladderTest"/>
</testsuite> <!-- UrbanTest1 -->
