<?xml version="1.0" encoding="UTF-8"?>
<!-- Generated by org.testng.reporters.JUnitXMLReporter -->
<testsuite hostname="LAPTOP-DEFT9I3H" ignored="0" name="UrbanTest1" tests="22" failures="0" timestamp="2020-08-02T17:31:06 IST" time="73.658" errors="0">
  <testcase name="titleVerify" time="0.017" classname="com.Urbanladder.test.UrbanladderTest"/>
  <testcase name="clickBookshelves" time="6.418" classname="com.Urbanladder.test.UrbanladderTest"/>
  <testcase name="priceChoice" time="1.318" classname="com.Urbanladder.test.UrbanladderTest"/>
  <testcase name="setRange" time="3.613" classname="com.Urbanladder.test.UrbanladderTest"/>
  <testcase name="storageChoice" time="3.147" classname="com.Urbanladder.test.UrbanladderTest"/>
  <testcase name="checkStorageType" time="1.194" classname="com.Urbanladder.test.UrbanladderTest"/>
  <testcase name="includeStock" time="1.855" classname="com.Urbanladder.test.UrbanladderTest"/>
  <testcase name="filterChoice" time="0.69" classname="com.Urbanladder.test.UrbanladderTest"/>
  <testcase name="sortBy" time="0.177" classname="com.Urbanladder.test.UrbanladderTest"/>
  <testcase name="PopUp" time="9.274" classname="com.Urbanladder.test.UrbanladderTest"/>
  <testcase name="writeExcel1" time="1.83" classname="com.Urbanladder.test.UrbanladderTest"/>
  <testcase name="studyChoice" time="0.18" classname="com.Urbanladder.test.UrbanladderTest"/>
  <testcase name="studychair" time="1.492" classname="com.Urbanladder.test.UrbanladderTest"/>
  <testcase name="filterChoice1" time="0.361" classname="com.Urbanladder.test.UrbanladderTest"/>
  <testcase name="sortBy1" time="0.064" classname="com.Urbanladder.test.UrbanladderTest"/>
  <testcase name="writeExcel2" time="0.938" classname="com.Urbanladder.test.UrbanladderTest"/>
  <testcase name="clickBookshelves1" time="3.544" classname="com.Urbanladder.test.UrbanladderInvalidTest"/>
  <testcase name="priceChoice1" time="1.262" classname="com.Urbanladder.test.UrbanladderInvalidTest"/>
  <testcase name="setRange1" time="4.036" classname="com.Urbanladder.test.UrbanladderInvalidTest"/>
  <testcase name="storageChoice1" time="2.743" classname="com.Urbanladder.test.UrbanladderInvalidTest"/>
  <testcase name="closedType" time="2.484" classname="com.Urbanladder.test.UrbanladderInvalidTest"/>
  <testcase name="PopUp" time="6.403" classname="com.Urbanladder.test.UrbanladderInvalidTest"/>
</testsuite> <!-- UrbanTest1 -->
