<?xml version="1.0" encoding="UTF-8"?>
<!-- Generated by org.testng.reporters.JUnitXMLReporter -->
<testsuite hostname="LAPTOP-DEFT9I3H" ignored="0" name="UrbanTest2" tests="22" failures="0" timestamp="2020-08-02T17:32:36 IST" time="89.556" errors="0">
  <testcase name="titleVerify" time="0.005" classname="com.Urbanladder.test.UrbanladderTest"/>
  <testcase name="clickBookshelves" time="3.501" classname="com.Urbanladder.test.UrbanladderTest"/>
  <testcase name="priceChoice" time="1.27" classname="com.Urbanladder.test.UrbanladderTest"/>
  <testcase name="setRange" time="5.352" classname="com.Urbanladder.test.UrbanladderTest"/>
  <testcase name="storageChoice" time="1.15" classname="com.Urbanladder.test.UrbanladderTest"/>
  <testcase name="checkStorageType" time="4.595" classname="com.Urbanladder.test.UrbanladderTest"/>
  <testcase name="includeStock" time="0.032" classname="com.Urbanladder.test.UrbanladderTest"/>
  <testcase name="filterChoice" time="1.358" classname="com.Urbanladder.test.UrbanladderTest"/>
  <testcase name="sortBy" time="0.059" classname="com.Urbanladder.test.UrbanladderTest"/>
  <testcase name="PopUp" time="9.798" classname="com.Urbanladder.test.UrbanladderTest"/>
  <testcase name="writeExcel1" time="0.94" classname="com.Urbanladder.test.UrbanladderTest"/>
  <testcase name="studyChoice" time="0.165" classname="com.Urbanladder.test.UrbanladderTest"/>
  <testcase name="studychair" time="1.259" classname="com.Urbanladder.test.UrbanladderTest"/>
  <testcase name="filterChoice1" time="0.334" classname="com.Urbanladder.test.UrbanladderTest"/>
  <testcase name="sortBy1" time="0.055" classname="com.Urbanladder.test.UrbanladderTest"/>
  <testcase name="writeExcel2" time="0.869" classname="com.Urbanladder.test.UrbanladderTest"/>
  <testcase name="clickBookshelves1" time="3.36" classname="com.Urbanladder.test.UrbanladderInvalidTest"/>
  <testcase name="priceChoice1" time="1.253" classname="com.Urbanladder.test.UrbanladderInvalidTest"/>
  <testcase name="setRange1" time="4.472" classname="com.Urbanladder.test.UrbanladderInvalidTest"/>
  <testcase name="storageChoice1" time="2.432" classname="com.Urbanladder.test.UrbanladderInvalidTest"/>
  <testcase name="closedType" time="1.767" classname="com.Urbanladder.test.UrbanladderInvalidTest"/>
  <testcase name="PopUp" time="7.04" classname="com.Urbanladder.test.UrbanladderInvalidTest"/>
</testsuite> <!-- UrbanTest2 -->
