<?xml version="1.0" encoding="UTF-8"?>
<testng-results skipped="0" failed="0" ignored="0" total="11" passed="11">
  <reporter-output>
  </reporter-output>
  <suite name="UrbanLadder" duration-ms="39656" started-at="2020-07-28T00:39:52 IST" finished-at="2020-07-28T00:40:31 IST">
    <groups>
    </groups>
    <test name="UrbanTest1" duration-ms="39656" started-at="2020-07-28T00:39:52 IST" finished-at="2020-07-28T00:40:31 IST">
      <class name="com.Urbanladder.test.UrbanladderTest">
        <test-method status="PASS" signature="createDriver()[pri:0, instance:com.Urbanladder.test.UrbanladderTest@64485a47]" name="createDriver" is-config="true" duration-ms="10765" started-at="2020-07-28T00:39:52 IST" finished-at="2020-07-28T00:40:03 IST">
          <reporter-output>
          </reporter-output>
        </test-method> <!-- createDriver -->
        <test-method status="PASS" signature="titleVerify()[pri:0, instance:com.Urbanladder.test.UrbanladderTest@64485a47]" name="titleVerify" duration-ms="21" started-at="2020-07-28T00:40:03 IST" finished-at="2020-07-28T00:40:03 IST">
          <reporter-output>
          </reporter-output>
        </test-method> <!-- titleVerify -->
        <test-method status="PASS" signature="endReport()[pri:0, instance:com.Urbanladder.test.UrbanladderTest@64485a47]" name="endReport" is-config="true" duration-ms="257" started-at="2020-07-28T00:40:03 IST" finished-at="2020-07-28T00:40:03 IST">
          <reporter-output>
          </reporter-output>
        </test-method> <!-- endReport -->
        <test-method status="PASS" signature="clickBookshelves()[pri:1, instance:com.Urbanladder.test.UrbanladderTest@64485a47]" name="clickBookshelves" duration-ms="6651" started-at="2020-07-28T00:40:03 IST" finished-at="2020-07-28T00:40:09 IST">
          <reporter-output>
          </reporter-output>
        </test-method> <!-- clickBookshelves -->
        <test-method status="PASS" signature="endReport()[pri:0, instance:com.Urbanladder.test.UrbanladderTest@64485a47]" name="endReport" is-config="true" duration-ms="52" started-at="2020-07-28T00:40:09 IST" finished-at="2020-07-28T00:40:10 IST">
          <reporter-output>
          </reporter-output>
        </test-method> <!-- endReport -->
        <test-method status="PASS" signature="priceChoice()[pri:2, instance:com.Urbanladder.test.UrbanladderTest@64485a47]" name="priceChoice" duration-ms="1217" started-at="2020-07-28T00:40:10 IST" finished-at="2020-07-28T00:40:11 IST">
          <reporter-output>
          </reporter-output>
        </test-method> <!-- priceChoice -->
        <test-method status="PASS" signature="endReport()[pri:0, instance:com.Urbanladder.test.UrbanladderTest@64485a47]" name="endReport" is-config="true" duration-ms="67" started-at="2020-07-28T00:40:11 IST" finished-at="2020-07-28T00:40:11 IST">
          <reporter-output>
          </reporter-output>
        </test-method> <!-- endReport -->
        <test-method status="PASS" signature="setRange()[pri:3, instance:com.Urbanladder.test.UrbanladderTest@64485a47]" name="setRange" duration-ms="3603" started-at="2020-07-28T00:40:11 IST" finished-at="2020-07-28T00:40:14 IST">
          <reporter-output>
          </reporter-output>
        </test-method> <!-- setRange -->
        <test-method status="PASS" signature="endReport()[pri:0, instance:com.Urbanladder.test.UrbanladderTest@64485a47]" name="endReport" is-config="true" duration-ms="45" started-at="2020-07-28T00:40:14 IST" finished-at="2020-07-28T00:40:14 IST">
          <reporter-output>
          </reporter-output>
        </test-method> <!-- endReport -->
        <test-method status="PASS" signature="storageChoice()[pri:4, instance:com.Urbanladder.test.UrbanladderTest@64485a47]" name="storageChoice" duration-ms="3312" started-at="2020-07-28T00:40:14 IST" finished-at="2020-07-28T00:40:18 IST">
          <reporter-output>
          </reporter-output>
        </test-method> <!-- storageChoice -->
        <test-method status="PASS" signature="endReport()[pri:0, instance:com.Urbanladder.test.UrbanladderTest@64485a47]" name="endReport" is-config="true" duration-ms="54" started-at="2020-07-28T00:40:18 IST" finished-at="2020-07-28T00:40:18 IST">
          <reporter-output>
          </reporter-output>
        </test-method> <!-- endReport -->
        <test-method status="PASS" signature="checkStorageType()[pri:5, instance:com.Urbanladder.test.UrbanladderTest@64485a47]" name="checkStorageType" duration-ms="92" started-at="2020-07-28T00:40:18 IST" finished-at="2020-07-28T00:40:18 IST">
          <reporter-output>
          </reporter-output>
        </test-method> <!-- checkStorageType -->
        <test-method status="PASS" signature="endReport()[pri:0, instance:com.Urbanladder.test.UrbanladderTest@64485a47]" name="endReport" is-config="true" duration-ms="49" started-at="2020-07-28T00:40:18 IST" finished-at="2020-07-28T00:40:18 IST">
          <reporter-output>
          </reporter-output>
        </test-method> <!-- endReport -->
        <test-method status="PASS" signature="includeStock()[pri:6, instance:com.Urbanladder.test.UrbanladderTest@64485a47]" name="includeStock" duration-ms="1135" started-at="2020-07-28T00:40:18 IST" finished-at="2020-07-28T00:40:19 IST">
          <reporter-output>
          </reporter-output>
        </test-method> <!-- includeStock -->
        <test-method status="PASS" signature="endReport()[pri:0, instance:com.Urbanladder.test.UrbanladderTest@64485a47]" name="endReport" is-config="true" duration-ms="51" started-at="2020-07-28T00:40:19 IST" finished-at="2020-07-28T00:40:19 IST">
          <reporter-output>
          </reporter-output>
        </test-method> <!-- endReport -->
        <test-method status="PASS" signature="filterChoice()[pri:7, instance:com.Urbanladder.test.UrbanladderTest@64485a47]" name="filterChoice" duration-ms="345" started-at="2020-07-28T00:40:19 IST" finished-at="2020-07-28T00:40:20 IST">
          <reporter-output>
          </reporter-output>
        </test-method> <!-- filterChoice -->
        <test-method status="PASS" signature="endReport()[pri:0, instance:com.Urbanladder.test.UrbanladderTest@64485a47]" name="endReport" is-config="true" duration-ms="40" started-at="2020-07-28T00:40:20 IST" finished-at="2020-07-28T00:40:20 IST">
          <reporter-output>
          </reporter-output>
        </test-method> <!-- endReport -->
        <test-method status="PASS" signature="sortBy()[pri:8, instance:com.Urbanladder.test.UrbanladderTest@64485a47]" name="sortBy" duration-ms="71" started-at="2020-07-28T00:40:20 IST" finished-at="2020-07-28T00:40:20 IST">
          <reporter-output>
          </reporter-output>
        </test-method> <!-- sortBy -->
        <test-method status="PASS" signature="endReport()[pri:0, instance:com.Urbanladder.test.UrbanladderTest@64485a47]" name="endReport" is-config="true" duration-ms="46" started-at="2020-07-28T00:40:20 IST" finished-at="2020-07-28T00:40:20 IST">
          <reporter-output>
          </reporter-output>
        </test-method> <!-- endReport -->
        <test-method status="PASS" signature="PopUp()[pri:9, instance:com.Urbanladder.test.UrbanladderTest@64485a47]" name="PopUp" duration-ms="9462" started-at="2020-07-28T00:40:20 IST" finished-at="2020-07-28T00:40:29 IST">
          <reporter-output>
          </reporter-output>
        </test-method> <!-- PopUp -->
        <test-method status="PASS" signature="endReport()[pri:0, instance:com.Urbanladder.test.UrbanladderTest@64485a47]" name="endReport" is-config="true" duration-ms="41" started-at="2020-07-28T00:40:29 IST" finished-at="2020-07-28T00:40:29 IST">
          <reporter-output>
          </reporter-output>
        </test-method> <!-- endReport -->
        <test-method status="PASS" signature="writeExcel()[pri:10, instance:com.Urbanladder.test.UrbanladderTest@64485a47]" name="writeExcel" duration-ms="1527" started-at="2020-07-28T00:40:29 IST" finished-at="2020-07-28T00:40:31 IST">
          <reporter-output>
          </reporter-output>
        </test-method> <!-- writeExcel -->
        <test-method status="PASS" signature="endReport()[pri:0, instance:com.Urbanladder.test.UrbanladderTest@64485a47]" name="endReport" is-config="true" duration-ms="33" started-at="2020-07-28T00:40:31 IST" finished-at="2020-07-28T00:40:31 IST">
          <reporter-output>
          </reporter-output>
        </test-method> <!-- endReport -->
        <test-method status="PASS" signature="tearDown()[pri:0, instance:com.Urbanladder.test.UrbanladderTest@64485a47]" name="tearDown" is-config="true" duration-ms="680" started-at="2020-07-28T00:40:31 IST" finished-at="2020-07-28T00:40:31 IST">
          <reporter-output>
          </reporter-output>
        </test-method> <!-- tearDown -->
      </class> <!-- com.Urbanladder.test.UrbanladderTest -->
    </test> <!-- UrbanTest1 -->
  </suite> <!-- UrbanLadder -->
</testng-results>
