<?xml version="1.0" encoding="UTF-8"?>
<!-- Generated by org.testng.reporters.JUnitXMLReporter -->
<testsuite ignored="0" hostname="DESKTOP-9048JB1" failures="0" tests="11" name="UrbanTest1" time="40.392" errors="0" timestamp="2020-08-01T14:49:13 IST">
  <testcase classname="com.Urbanladder.test.UrbanladderTest" name="titleVerify" time="0.025"/>
  <testcase classname="com.Urbanladder.test.UrbanladderTest" name="clickBookshelves" time="5.577"/>
  <testcase classname="com.Urbanladder.test.UrbanladderTest" name="priceChoice" time="1.544"/>
  <testcase classname="com.Urbanladder.test.UrbanladderTest" name="setRange" time="3.698"/>
  <testcase classname="com.Urbanladder.test.UrbanladderTest" name="storageChoice" time="2.43"/>
  <testcase classname="com.Urbanladder.test.UrbanladderTest" name="checkStorageType" time="1.12"/>
  <testcase classname="com.Urbanladder.test.UrbanladderTest" name="includeStock" time="1.366"/>
  <testcase classname="com.Urbanladder.test.UrbanladderTest" name="filterChoice" time="0.471"/>
  <testcase classname="com.Urbanladder.test.UrbanladderTest" name="sortBy" time="0.144"/>
  <testcase classname="com.Urbanladder.test.UrbanladderTest" name="PopUp" time="9.731"/>
  <testcase classname="com.Urbanladder.test.UrbanladderTest" name="writeExcel" time="4.849"/>
</testsuite> <!-- UrbanTest1 -->
