<?xml version="1.0" encoding="UTF-8"?>
<!-- Generated by org.testng.reporters.JUnitXMLReporter -->
<testsuite ignored="0" hostname="DESKTOP-9048JB1" failures="0" tests="15" name="ChromeTest" time="50.012" errors="0" timestamp="2020-08-02T21:12:50 IST">
  <testcase classname="com.Urbanladder.test.UrbanladderTest" name="titleVerify" time="0.021"/>
  <testcase classname="com.Urbanladder.test.UrbanladderTest" name="clickBookshelves" time="5.847"/>
  <testcase classname="com.Urbanladder.test.UrbanladderTest" name="priceChoice" time="1.467"/>
  <testcase classname="com.Urbanladder.test.UrbanladderTest" name="setRange" time="3.597"/>
  <testcase classname="com.Urbanladder.test.UrbanladderTest" name="storageChoice" time="2.462"/>
  <testcase classname="com.Urbanladder.test.UrbanladderTest" name="checkStorageType" time="1.11"/>
  <testcase classname="com.Urbanladder.test.UrbanladderTest" name="includeStock" time="1.821"/>
  <testcase classname="com.Urbanladder.test.UrbanladderTest" name="filterChoice" time="0.412"/>
  <testcase classname="com.Urbanladder.test.UrbanladderTest" name="sortBy" time="0.099"/>
  <testcase classname="com.Urbanladder.test.UrbanladderTest" name="PopUp" time="9.175"/>
  <testcase classname="com.Urbanladder.test.UrbanladderTest" name="writeExcel1" time="2.06"/>
  <testcase classname="com.Urbanladder.test.UrbanladderTest" name="studyChair" time="3.86"/>
  <testcase classname="com.Urbanladder.test.UrbanladderTest" name="filterChoice1" time="0.493"/>
  <testcase classname="com.Urbanladder.test.UrbanladderTest" name="sortBy1" time="0.126"/>
  <testcase classname="com.Urbanladder.test.UrbanladderTest" name="writeExcel2" time="1.314"/>
</testsuite> <!-- ChromeTest -->
