<?xml version="1.0" encoding="UTF-8"?>
<!-- Generated by org.testng.reporters.JUnitXMLReporter -->
<testsuite ignored="0" hostname="DESKTOP-9048JB1" failures="0" tests="22" name="UrbanTest1" time="89.091" errors="0" timestamp="2020-08-02T17:06:29 IST">
  <testcase classname="com.Urbanladder.test.UrbanladderTest" name="titleVerify" time="0.088"/>
  <testcase classname="com.Urbanladder.test.UrbanladderTest" name="clickBookshelves" time="6.95"/>
  <testcase classname="com.Urbanladder.test.UrbanladderTest" name="priceChoice" time="1.559"/>
  <testcase classname="com.Urbanladder.test.UrbanladderTest" name="setRange" time="3.765"/>
  <testcase classname="com.Urbanladder.test.UrbanladderTest" name="storageChoice" time="2.944"/>
  <testcase classname="com.Urbanladder.test.UrbanladderTest" name="checkStorageType" time="1.24"/>
  <testcase classname="com.Urbanladder.test.UrbanladderTest" name="includeStock" time="1.111"/>
  <testcase classname="com.Urbanladder.test.UrbanladderTest" name="filterChoice" time="0.581"/>
  <testcase classname="com.Urbanladder.test.UrbanladderTest" name="sortBy" time="0.095"/>
  <testcase classname="com.Urbanladder.test.UrbanladderTest" name="PopUp" time="9.777"/>
  <testcase classname="com.Urbanladder.test.UrbanladderTest" name="writeExcel1" time="3.413"/>
  <testcase classname="com.Urbanladder.test.UrbanladderTest" name="studyChoice" time="0.221"/>
  <testcase classname="com.Urbanladder.test.UrbanladderTest" name="studychair" time="1.558"/>
  <testcase classname="com.Urbanladder.test.UrbanladderTest" name="filterChoice1" time="0.543"/>
  <testcase classname="com.Urbanladder.test.UrbanladderTest" name="sortBy1" time="0.101"/>
  <testcase classname="com.Urbanladder.test.UrbanladderTest" name="writeExcel2" time="1.447"/>
  <testcase classname="com.Urbanladder.test.UrbanladderInvalidTest" name="clickBookshelves1" time="3.879"/>
  <testcase classname="com.Urbanladder.test.UrbanladderInvalidTest" name="priceChoice1" time="1.394"/>
  <testcase classname="com.Urbanladder.test.UrbanladderInvalidTest" name="setRange1" time="4.356"/>
  <testcase classname="com.Urbanladder.test.UrbanladderInvalidTest" name="storageChoice1" time="2.474"/>
  <testcase classname="com.Urbanladder.test.UrbanladderInvalidTest" name="closedType" time="2.034"/>
  <testcase classname="com.Urbanladder.test.UrbanladderInvalidTest" name="PopUp" time="6.833"/>
</testsuite> <!-- UrbanTest1 -->
