<?xml version="1.0" encoding="UTF-8"?>
<!-- Generated by org.testng.reporters.JUnitXMLReporter -->
<testsuite hostname="LAPTOP-DEFT9I3H" ignored="0" name="UrbanTest1" tests="11" failures="0" timestamp="2020-07-28T00:44:40 IST" time="37.059" errors="0">
  <testcase name="titleVerify" time="0.018" classname="com.Urbanladder.test.UrbanladderTest"/>
  <testcase name="clickBookshelves" time="5.323" classname="com.Urbanladder.test.UrbanladderTest"/>
  <testcase name="priceChoice" time="1.227" classname="com.Urbanladder.test.UrbanladderTest"/>
  <testcase name="setRange" time="3.579" classname="com.Urbanladder.test.UrbanladderTest"/>
  <testcase name="storageChoice" time="2.824" classname="com.Urbanladder.test.UrbanladderTest"/>
  <testcase name="checkStorageType" time="0.094" classname="com.Urbanladder.test.UrbanladderTest"/>
  <testcase name="includeStock" time="2.113" classname="com.Urbanladder.test.UrbanladderTest"/>
  <testcase name="filterChoice" time="0.305" classname="com.Urbanladder.test.UrbanladderTest"/>
  <testcase name="sortBy" time="0.074" classname="com.Urbanladder.test.UrbanladderTest"/>
  <testcase name="PopUp" time="8.454" classname="com.Urbanladder.test.UrbanladderTest"/>
  <testcase name="writeExcel" time="1.61" classname="com.Urbanladder.test.UrbanladderTest"/>
</testsuite> <!-- UrbanTest1 -->
